<?xml version="1.0" encoding="UTF-8"?>
<!-- Generated by org.testng.reporters.JUnitXMLReporter -->
<testsuite ignored="0" hostname="DESKTOP-GLOBALSIS" failures="0" tests="5" name="Recorrido completo" time="281.874" errors="0" timestamp="2026-09-08T15:49:25 CST">
  <testcase classname="tests.MenuPersonasTest" name="validarNavegacionCompletaMenuPersonas" time="87.539"/>
  <testcase classname="tests.MenuEmpresasTest" name="validarNavegacionMenuEmpresas" time="11.728"/>
  <testcase classname="tests.MenuPymesTest" name="validarNavegacionMenuPymes" time="80.107"/>
  <testcase classname="tests.MenuBancaPrivadaTest" name="validarNavegacionBancaPrivada" time="20.168"/>
  <testcase classname="tests.MenuAcercaDelBancoTest" name="validarNavegacionAcercaDelBanco" time="41.44"/>
</testsuite> <!-- Recorrido completo -->
