<?xml version="1.0" encoding="UTF-8"?>
<!-- Generated by org.testng.reporters.JUnitReportReporter -->
<testsuite hostname="DESKTOP-GLOBALSIS" failures="0" tests="4" name="tests.AutomationPracticeTest" time="17.688" errors="0" timestamp="2026-09-08T10:17:40 CST" skipped="0">
  <testcase classname="tests.AutomationPracticeTest" name="shouldCompleteFormAndControls" time="5.075"/>
  <testcase classname="tests.AutomationPracticeTest" name="shouldInteractWithProductTable" time="3.085"/>
  <testcase classname="tests.AutomationPracticeTest" name="shouldHandleAlerts" time="3.291"/>
  <testcase classname="tests.AutomationPracticeTest" name="shouldPerformAdvancedActions" time="6.237"/>
</testsuite> <!-- tests.AutomationPracticeTest -->
